<?xml version="1.0" encoding="UTF-8"?>
<!-- Generated by org.testng.reporters.JUnitXMLReporter -->
<testsuite ignored="0" hostname="LTIN591070" failures="0" tests="4" name="ChromeTest" time="17.996" errors="0" timestamp="2025-09-30T10:05:35 IST">
  <testcase classname="miniProject.SearchAndFilterTest" name="openBrowser" time="4.323"/>
  <testcase classname="miniProject.SearchAndFilterTest" name="searchTest" time="5.119"/>
  <testcase classname="miniProject.SearchAndFilterTest" name="searchMsgTest" time="0.092"/>
  <testcase classname="miniProject.SearchAndFilterTest" name="checkSortTest" time="3.432"/>
</testsuite> <!-- ChromeTest -->
