<?xml version="1.0" encoding="UTF-8"?>
<!-- Generated by org.testng.reporters.JUnitXMLReporter -->
<testsuite ignored="0" hostname="LTIN591070" failures="0" tests="4" name="EdgeTest" time="17.487" errors="0" timestamp="2025-09-30T10:05:34 IST">
  <testcase classname="miniProject.SearchAndFilterTest" name="openBrowser" time="4.036"/>
  <testcase classname="miniProject.SearchAndFilterTest" name="searchTest" time="4.35"/>
  <testcase classname="miniProject.SearchAndFilterTest" name="searchMsgTest" time="0.07"/>
  <testcase classname="miniProject.SearchAndFilterTest" name="checkSortTest" time="3.502"/>
</testsuite> <!-- EdgeTest -->
