<?xml version="1.0" encoding="UTF-8"?>
<!-- Generated by org.testng.reporters.JUnitReportReporter -->
<testsuite hostname="LTIN591070" failures="0" tests="8" name="miniProject.SearchAndFilterTest" time="24.985" errors="0" timestamp="2025-09-30T10:05:35 IST" skipped="0">
  <testcase classname="miniProject.SearchAndFilterTest" name="openBrowser" time="4.354"/>
  <testcase classname="miniProject.SearchAndFilterTest" name="openBrowser" time="4.039"/>
  <testcase classname="miniProject.SearchAndFilterTest" name="searchTest" time="4.364"/>
  <testcase classname="miniProject.SearchAndFilterTest" name="searchTest" time="5.121"/>
  <testcase classname="miniProject.SearchAndFilterTest" name="searchMsgTest" time="0.092"/>
  <testcase classname="miniProject.SearchAndFilterTest" name="searchMsgTest" time="0.076"/>
  <testcase classname="miniProject.SearchAndFilterTest" name="checkSortTest" time="3.434"/>
  <testcase classname="miniProject.SearchAndFilterTest" name="checkSortTest" time="3.505"/>
</testsuite> <!-- miniProject.SearchAndFilterTest -->
